22:13:28    16 -->                                                             [tcl] ucliGUI::connect -toolargs -ucligui -toolexe ./simv -pid 73464 -toolin /tmp/vcs_20230830141326_73463_ICer..stdin -toolout /tmp/vcs_20230830141326_73463_ICer..stdout  
22:13:28    17 -->                                                                 [tcl] set ucliGUI::state
22:13:28    18 -->                                                                     [tcl] gui_update_simulator_buttons
22:13:29    19 -->                                                                         [tcl] set ucliGUI::state
22:13:29    20 -->                                                                             [tcl] ucliCore::getToolPID
22:13:29    21 -->                                                                                 [tcl] synopsys::env hasTB
22:13:29    22 -->                                                                                     [tcl] trigger_hier_stack_context_switch 0
22:13:29    23 -->                                                                                         [tcl] synUtils::setDVEInitPhase 1
22:13:29    24 -->                                                                                             [tcl] gui_get_env SIMSETUP::SIMVPD
22:13:29    25 --> ...  [tcl] synopsys::dump -type VPD -file /home/ICer/MY_FILE/MY_CODE_1/booth_wallace/mul_32_32/inter.vpd -locking
22:13:29    26 --> ...      [tcl] synopsys::dump -autoflush on -fid VPD0
22:13:29    27 --> ...          [tcl] set ::dve_fid VPD0
22:13:29    28 --> ...              [tcl] synUtils::setDVEInitPhase 0
22:13:29    29 --> ...                  [tcl] ucliCore::getToolPID
22:13:29    30 --> ...                      [tcl] synUtils::sendTool -active _icl_setToolSocket /tmp/smlnpzEA35T
22:13:29    31 --> ...                          [tcl] synUtils::sendTool -active {_icl_start_rpc -version "O-2018.09-1_Full64" -sync_file /tmp/vcs_dve_rpc.ICer.73464}
22:13:29    32 --> ...                              [tcl] synUtils::sendTool -active {_icl_createSharedMemory /tmp/vcs_dve_general.ICer.73464}
22:13:29    33 --> ...                                  [tcl] dveMisc::vbusExpand tb_mul
22:13:29    34 --> ...                                      [tcl] config endofsim noexit
22:13:29    35 --> ...                                          [tcl] config onfail enable all
22:13:29    36 --> ...                                              [tcl] config syscaddplainmembers
22:13:29    37 --> ...                                                  [tcl] config syscaddsourcenames
22:13:29    38 --> ...                                                      [tcl] config syscaddstructtypes
22:13:29    39 --> ...                                                          [tcl] synopsys::listing -disable
22:14:21    40 --> ...                                                              [tcl] ucliGUI::vpdAddHierarchy -scope tb_mul -depth 1 -file /home/ICer/MY_FILE/MY_CODE_1/booth_wallace/mul_32_32/inter.vpd; synopsys::dump -flush VPD0
22:14:21    41 --> ...                                                                  [tcl] synopsys::dump -add {tb_mul.mul_a tb_mul.mul_b tb_mul.mul_pro } -aggregates  -fid VPD0
22:14:23    42 --> ...                                                                      [tcl] synopsys::run
22:14:23    43 --> ...                                                                          [tcl] set ucliGUI::state
22:14:23    44 --> ...                                                                              [tcl] gui_update_simulator_buttons
22:14:23    45 --> ...                                                                                  [tcl] set ucliGUI::state
22:14:23    46 --> ...                                                                                      [tcl] set ucliGUI::state
22:14:23    47 --> ...                                                                                          [tcl] set ucliGUI::state
22:14:23    48 --> ...                                                                                              [tcl] catch {senv activeDomain} dveMisc::result 
22:14:23    49 --> ...                                                                                                  [tcl] set dveMisc::result
22:14:23    50 --> ...  [tcl] gui_update_simulator_buttons
22:14:28    51 --> ...      [tcl] ucliGUI::getSignalValues -scope tb_mul -radix {hexadecimal } -list {{mul_pro[63:0]} }
22:14:28    52 --> ...          [tcl] ucliGUI::getSignalValues -scope tb_mul -radix {hexadecimal } -list {{mul_a[31:0]} }
22:14:28    53 --> ...              [tcl] ucliGUI::getSignalValues -scope tb_mul -radix {hexadecimal } -list {{mul_b[31:0]} }
22:14:32    54 --> ...                  [tcl] ucliGUI::getSignalValues -scope tb_mul -radix {decimal } -list {{mul_pro[63:0]} }
22:14:32    55 --> ...                      [tcl] ucliGUI::getSignalValues -scope tb_mul -radix {decimal } -list {{mul_a[31:0]} }
22:14:32    56 --> ...                          [tcl] ucliGUI::getSignalValues -scope tb_mul -radix {decimal } -list {{mul_b[31:0]} }
22:15:01    57 --> ...                              [tcl] if [catch {gui_sim_terminate}] {gui_sim_terminate -kill}
22:15:01    58 --> ...                                  [tcl] synopsys::finish
22:15:01    59 --> ...                                      [tcl] set ucliGUI::state
22:15:01    60 --> ...                                          [tcl] gui_update_simulator_buttons
22:15:01    61 --> ...                                              [tcl] set ucliGUI::state
22:15:01    62 --> ...                                                  [tcl] catch {senv activeDomain} dveMisc::result 
22:15:01    63 --> ...                                                      [tcl] set dveMisc::result
22:15:01    64 --> ...                                                          [tcl] gui_update_simulator_buttons
22:15:01    65 --> ...                                                              [tcl] catch {senv activeDomain} dveMisc::result 
22:15:01    66 --> ...                                                                  [tcl] set dveMisc::result
22:15:01    67 --> ...                                                                      [tcl] ucli_exit
