set ucliGUI::state
set ucliGUI::state
ucliCore::getToolPID
synopsys::env hasTB
trigger_hier_stack_context_switch 0
synUtils::setDVEInitPhase 1
synopsys::dump -type VPD -file /home/ICer/MY_FILE/MY_CODE_1/booth_wallace/mul_16_16/mul_32_32/inter.vpd -locking
synopsys::dump -autoflush on -fid VPD0
set ::dve_fid VPD0
synUtils::setDVEInitPhase 0
ucliCore::getToolPID
synUtils::sendTool -active _icl_setToolSocket /tmp/smlnpD8QhSx
synUtils::sendTool -active {_icl_start_rpc -version "O-2018.09-1_Full64" -sync_file /tmp/vcs_dve_rpc.ICer.40769}
synUtils::sendTool -active {_icl_createSharedMemory /tmp/vcs_dve_general.ICer.40769}
config endofsim noexit
config onfail enable all
config syscaddplainmembers
config syscaddsourcenames
config syscaddstructtypes
synopsys::listing -disable
synopsys::dump -add {tb_mul.mul_a tb_mul.mul_b tb_mul.mul_pro } -aggregates  -fid VPD0
synopsys::run
set ucliGUI::state
set ucliGUI::state
set ucliGUI::state
set ucliGUI::state
ucliGUI::getSignalValues -scope tb_mul -radix {decimal } -list {{mul_pro[31:0]} }
ucliGUI::getSignalValues -scope tb_mul -radix {decimal } -list {{mul_a[15:0]} }
ucliGUI::getSignalValues -scope tb_mul -radix {decimal } -list {{mul_b[15:0]} }
if [catch {gui_sim_terminate}] {gui_sim_terminate -kill}
synopsys::finish
set ucliGUI::state
set ucliGUI::state
ucli_exit
