21:44:23    16 -->                                                             [tcl] ucliGUI::connect -toolargs -ucligui -toolexe ./simv -pid 40769 -toolin /tmp/vcs_20230831134421_40768_ICer..stdin -toolout /tmp/vcs_20230831134421_40768_ICer..stdout  
21:44:23    17 -->                                                                 [tcl] set ucliGUI::state
21:44:24    18 -->                                                                     [tcl] gui_update_simulator_buttons
21:44:24    19 -->                                                                         [tcl] set ucliGUI::state
21:44:24    20 -->                                                                             [tcl] ucliCore::getToolPID
21:44:24    21 -->                                                                                 [tcl] synopsys::env hasTB
21:44:24    22 -->                                                                                     [tcl] trigger_hier_stack_context_switch 0
21:44:24    23 -->                                                                                         [tcl] synUtils::setDVEInitPhase 1
21:44:24    24 -->                                                                                             [tcl] gui_get_env SIMSETUP::SIMVPD
21:44:24    25 --> ...  [tcl] synopsys::dump -type VPD -file /home/ICer/MY_FILE/MY_CODE_1/booth_wallace/mul_16_16/mul_32_32/inter.vpd -locking
21:44:24    26 --> ...      [tcl] synopsys::dump -autoflush on -fid VPD0
21:44:24    27 --> ...          [tcl] set ::dve_fid VPD0
21:44:24    28 --> ...              [tcl] synUtils::setDVEInitPhase 0
21:44:24    29 --> ...                  [tcl] ucliCore::getToolPID
21:44:24    30 --> ...                      [tcl] synUtils::sendTool -active _icl_setToolSocket /tmp/smlnpD8QhSx
21:44:24    31 --> ...                          [tcl] synUtils::sendTool -active {_icl_start_rpc -version "O-2018.09-1_Full64" -sync_file /tmp/vcs_dve_rpc.ICer.40769}
21:44:24    32 --> ...                              [tcl] synUtils::sendTool -active {_icl_createSharedMemory /tmp/vcs_dve_general.ICer.40769}
21:44:25    33 --> ...                                  [tcl] dveMisc::vbusExpand tb_mul
21:44:25    34 --> ...                                      [tcl] config endofsim noexit
21:44:25    35 --> ...                                          [tcl] config onfail enable all
21:44:25    36 --> ...                                              [tcl] config syscaddplainmembers
21:44:25    37 --> ...                                                  [tcl] config syscaddsourcenames
21:44:25    38 --> ...                                                      [tcl] config syscaddstructtypes
21:44:25    39 --> ...                                                          [tcl] synopsys::listing -disable
21:44:59    40 --> ...                                                              [tcl] synopsys::dump -add {tb_mul.mul_a tb_mul.mul_b tb_mul.mul_pro } -aggregates  -fid VPD0
21:45:00    41 --> ...                                                                  [tcl] synopsys::run
21:45:00    42 --> ...                                                                      [tcl] set ucliGUI::state
21:45:00    43 --> ...                                                                          [tcl] gui_update_simulator_buttons
21:45:00    44 --> ...                                                                              [tcl] set ucliGUI::state
21:45:00    45 --> ...                                                                                  [tcl] set ucliGUI::state
21:45:00    46 --> ...                                                                                      [tcl] set ucliGUI::state
21:45:00    47 --> ...                                                                                          [tcl] catch {senv activeDomain} dveMisc::result 
21:45:00    48 --> ...                                                                                              [tcl] set dveMisc::result
21:45:00    49 --> ...                                                                                                  [tcl] gui_update_simulator_buttons
21:45:08    50 --> ...  [tcl] ucliGUI::getSignalValues -scope tb_mul -radix {decimal } -list {{mul_pro[31:0]} }
21:45:08    51 --> ...      [tcl] ucliGUI::getSignalValues -scope tb_mul -radix {decimal } -list {{mul_a[15:0]} }
21:45:08    52 --> ...          [tcl] ucliGUI::getSignalValues -scope tb_mul -radix {decimal } -list {{mul_b[15:0]} }
21:45:22    53 --> ...              [tcl] if [catch {gui_sim_terminate}] {gui_sim_terminate -kill}
21:45:22    54 --> ...                  [tcl] synopsys::finish
21:45:22    55 --> ...                      [tcl] set ucliGUI::state
21:45:22    56 --> ...                          [tcl] gui_update_simulator_buttons
21:45:22    57 --> ...                              [tcl] set ucliGUI::state
21:45:22    58 --> ...                                  [tcl] catch {senv activeDomain} dveMisc::result 
21:45:22    59 --> ...                                      [tcl] set dveMisc::result
21:45:22    60 --> ...                                          [tcl] gui_update_simulator_buttons
21:45:22    61 --> ...                                              [tcl] catch {senv activeDomain} dveMisc::result 
21:45:22    62 --> ...                                                  [tcl] set dveMisc::result
21:45:22    63 --> ...                                                      [tcl] ucli_exit
